<?xml version="1.0" encoding="UTF-8"?>
<testng-results ignored="0" total="2" passed="2" failed="0" skipped="0">
  <reporter-output>
  </reporter-output>
  <suite started-at="2024-09-12T13:11:57 IST" name="Default suite" finished-at="2024-09-12T13:11:59 IST" duration-ms="1987">
    <groups>
    </groups>
    <test started-at="2024-09-12T13:11:57 IST" name="Default test" finished-at="2024-09-12T13:11:59 IST" duration-ms="1987">
      <class name="RahulShettyRestAssured.Oath2GrantTypeClientCredentials">
        <test-method signature="getAccessTokenfromAutorizationServer()[pri:1, instance:RahulShettyRestAssured.Oath2GrantTypeClientCredentials@49dc7102]" started-at="2024-09-12T13:11:57 IST" name="getAccessTokenfromAutorizationServer" finished-at="2024-09-12T13:11:59 IST" duration-ms="1762" status="PASS">
          <reporter-output>
          </reporter-output>
        </test-method> <!-- getAccessTokenfromAutorizationServer -->
        <test-method signature="getCourseDetails()[pri:2, instance:RahulShettyRestAssured.Oath2GrantTypeClientCredentials@49dc7102]" started-at="2024-09-12T13:11:59 IST" name="getCourseDetails" finished-at="2024-09-12T13:11:59 IST" duration-ms="193" status="PASS">
          <reporter-output>
          </reporter-output>
        </test-method> <!-- getCourseDetails -->
      </class> <!-- RahulShettyRestAssured.Oath2GrantTypeClientCredentials -->
    </test> <!-- Default test -->
  </suite> <!-- Default suite -->
</testng-results>
