<?xml version="1.0" encoding="UTF-8"?>
<!-- Generated by org.testng.reporters.JUnitXMLReporter -->
<testsuite ignored="0" hostname="LAPTOP-0Q0A67KA" failures="0" tests="2" name="Default test" time="1.987" errors="0" timestamp="2024-09-12T13:11:59 IST">
  <testcase classname="RahulShettyRestAssured.Oath2GrantTypeClientCredentials" name="getAccessTokenfromAutorizationServer" time="1.762"/>
  <testcase classname="RahulShettyRestAssured.Oath2GrantTypeClientCredentials" name="getCourseDetails" time="0.193"/>
</testsuite> <!-- Default test -->
